{"C:\\Users\\user\\Desktop\\Job-Interview\\To-Do-List-REST-API--Civic-Voices-\\server.js": {"path":"C:\\Users\\user\\Desktop\\Job-Interview\\To-Do-List-REST-API--Civic-Voices-\\server.js","statementMap":{"0":{"start":{"line":11,"column":0},"end":{"line":11,"column":16}},"1":{"start":{"line":13,"column":12},"end":{"line":13,"column":21}},"2":{"start":{"line":14,"column":13},"end":{"line":14,"column":37}},"3":{"start":{"line":16,"column":0},"end":{"line":16,"column":24}},"4":{"start":{"line":17,"column":0},"end":{"line":17,"column":24}},"5":{"start":{"line":18,"column":0},"end":{"line":18,"column":18}},"6":{"start":{"line":20,"column":0},"end":{"line":20,"column":30}},"7":{"start":{"line":21,"column":0},"end":{"line":21,"column":30}},"8":{"start":{"line":22,"column":0},"end":{"line":22,"column":30}},"9":{"start":{"line":24,"column":0},"end":{"line":31,"column":3}},"10":{"start":{"line":25,"column":2},"end":{"line":30,"column":3}},"11":{"start":{"line":26,"column":4},"end":{"line":26,"column":67}},"12":{"start":{"line":27,"column":9},"end":{"line":30,"column":3}},"13":{"start":{"line":28,"column":4},"end":{"line":28,"column":67}},"14":{"start":{"line":29,"column":4},"end":{"line":29,"column":21}},"15":{"start":{"line":33,"column":0},"end":{"line":36,"column":3}},"16":{"start":{"line":34,"column":2},"end":{"line":34,"column":63}},"17":{"start":{"line":35,"column":2},"end":{"line":35,"column":21}}},"fnMap":{"0":{"name":"(anonymous_0)","decl":{"start":{"line":24,"column":8},"end":{"line":24,"column":9}},"loc":{"start":{"line":24,"column":33},"end":{"line":31,"column":1}},"line":24},"1":{"name":"(anonymous_1)","decl":{"start":{"line":33,"column":17},"end":{"line":33,"column":18}},"loc":{"start":{"line":33,"column":23},"end":{"line":36,"column":1}},"line":33}},"branchMap":{"0":{"loc":{"start":{"line":14,"column":13},"end":{"line":14,"column":37}},"type":"binary-expr","locations":[{"start":{"line":14,"column":13},"end":{"line":14,"column":29}},{"start":{"line":14,"column":33},"end":{"line":14,"column":37}}],"line":14},"1":{"loc":{"start":{"line":25,"column":2},"end":{"line":30,"column":3}},"type":"if","locations":[{"start":{"line":25,"column":2},"end":{"line":30,"column":3}},{"start":{"line":27,"column":9},"end":{"line":30,"column":3}}],"line":25},"2":{"loc":{"start":{"line":27,"column":9},"end":{"line":30,"column":3}},"type":"if","locations":[{"start":{"line":27,"column":9},"end":{"line":30,"column":3}},{"start":{},"end":{}}],"line":27}},"s":{"0":3,"1":3,"2":3,"3":3,"4":3,"5":3,"6":3,"7":3,"8":3,"9":3,"10":0,"11":0,"12":0,"13":0,"14":0,"15":3,"16":1,"17":1},"f":{"0":0,"1":1},"b":{"0":[3,0],"1":[0,0],"2":[0,0]},"_coverageSchema":"1a1c01bbd47fc00a2c39e90264f33305004495a9","hash":"aa2ab37edeebe35978e04ecb4c04bb457de0279b"}
,"C:\\Users\\user\\Desktop\\Job-Interview\\To-Do-List-REST-API--Civic-Voices-\\controllers\\auth.controller.js": {"path":"C:\\Users\\user\\Desktop\\Job-Interview\\To-Do-List-REST-API--Civic-Voices-\\controllers\\auth.controller.js","statementMap":{"0":{"start":{"line":6,"column":0},"end":{"line":6,"column":16}},"1":{"start":{"line":8,"column":15},"end":{"line":45,"column":1}},"2":{"start":{"line":9,"column":2},"end":{"line":44,"column":3}},"3":{"start":{"line":10,"column":15},"end":{"line":12,"column":6}},"4":{"start":{"line":14,"column":4},"end":{"line":18,"column":5}},"5":{"start":{"line":15,"column":6},"end":{"line":17,"column":9}},"6":{"start":{"line":20,"column":4},"end":{"line":24,"column":5}},"7":{"start":{"line":21,"column":6},"end":{"line":23,"column":9}},"8":{"start":{"line":26,"column":18},"end":{"line":26,"column":69}},"9":{"start":{"line":28,"column":4},"end":{"line":30,"column":7}},"10":{"start":{"line":32,"column":4},"end":{"line":39,"column":7}},"11":{"start":{"line":41,"column":4},"end":{"line":43,"column":7}},"12":{"start":{"line":47,"column":16},"end":{"line":52,"column":1}},"13":{"start":{"line":48,"column":2},"end":{"line":48,"column":23}},"14":{"start":{"line":49,"column":2},"end":{"line":51,"column":5}},"15":{"start":{"line":54,"column":22},"end":{"line":58,"column":2}},"16":{"start":{"line":60,"column":25},"end":{"line":68,"column":1}},"17":{"start":{"line":61,"column":21},"end":{"line":61,"column":73}},"18":{"start":{"line":62,"column":2},"end":{"line":66,"column":3}},"19":{"start":{"line":63,"column":4},"end":{"line":65,"column":7}},"20":{"start":{"line":67,"column":2},"end":{"line":67,"column":9}}},"fnMap":{"0":{"name":"(anonymous_0)","decl":{"start":{"line":8,"column":15},"end":{"line":8,"column":16}},"loc":{"start":{"line":8,"column":35},"end":{"line":45,"column":1}},"line":8},"1":{"name":"(anonymous_1)","decl":{"start":{"line":47,"column":16},"end":{"line":47,"column":17}},"loc":{"start":{"line":47,"column":30},"end":{"line":52,"column":1}},"line":47},"2":{"name":"(anonymous_2)","decl":{"start":{"line":60,"column":25},"end":{"line":60,"column":26}},"loc":{"start":{"line":60,"column":45},"end":{"line":68,"column":1}},"line":60}},"branchMap":{"0":{"loc":{"start":{"line":14,"column":4},"end":{"line":18,"column":5}},"type":"if","locations":[{"start":{"line":14,"column":4},"end":{"line":18,"column":5}},{"start":{},"end":{}}],"line":14},"1":{"loc":{"start":{"line":20,"column":4},"end":{"line":24,"column":5}},"type":"if","locations":[{"start":{"line":20,"column":4},"end":{"line":24,"column":5}},{"start":{},"end":{}}],"line":20},"2":{"loc":{"start":{"line":61,"column":21},"end":{"line":61,"column":73}},"type":"binary-expr","locations":[{"start":{"line":61,"column":21},"end":{"line":61,"column":29}},{"start":{"line":61,"column":33},"end":{"line":61,"column":41}},{"start":{"line":61,"column":45},"end":{"line":61,"column":73}}],"line":61},"3":{"loc":{"start":{"line":62,"column":2},"end":{"line":66,"column":3}},"type":"if","locations":[{"start":{"line":62,"column":2},"end":{"line":66,"column":3}},{"start":{},"end":{}}],"line":62}},"s":{"0":3,"1":3,"2":0,"3":0,"4":0,"5":0,"6":0,"7":0,"8":0,"9":0,"10":0,"11":0,"12":3,"13":0,"14":0,"15":3,"16":3,"17":0,"18":0,"19":0,"20":0},"f":{"0":0,"1":0,"2":0},"b":{"0":[0,0],"1":[0,0],"2":[0,0,0],"3":[0,0]},"_coverageSchema":"1a1c01bbd47fc00a2c39e90264f33305004495a9","hash":"1b49e4e6afd1d4bf989eb416cf0ca07ab38617c4"}
,"C:\\Users\\user\\Desktop\\Job-Interview\\To-Do-List-REST-API--Civic-Voices-\\controllers\\task.controller.js": {"path":"C:\\Users\\user\\Desktop\\Job-Interview\\To-Do-List-REST-API--Civic-Voices-\\controllers\\task.controller.js","statementMap":{"0":{"start":{"line":7,"column":28},"end":{"line":17,"column":1}},"1":{"start":{"line":8,"column":13},"end":{"line":8,"column":34}},"2":{"start":{"line":9,"column":2},"end":{"line":13,"column":3}},"3":{"start":{"line":10,"column":4},"end":{"line":12,"column":7}},"4":{"start":{"line":14,"column":19},"end":{"line":14,"column":50}},"5":{"start":{"line":16,"column":2},"end":{"line":16,"column":18}},"6":{"start":{"line":19,"column":15},"end":{"line":39,"column":1}},"7":{"start":{"line":20,"column":2},"end":{"line":38,"column":3}},"8":{"start":{"line":21,"column":22},"end":{"line":21,"column":39}},"9":{"start":{"line":22,"column":20},"end":{"line":26,"column":6}},"10":{"start":{"line":28,"column":4},"end":{"line":30,"column":5}},"11":{"start":{"line":29,"column":6},"end":{"line":29,"column":75}},"12":{"start":{"line":32,"column":4},"end":{"line":32,"column":25}},"13":{"start":{"line":34,"column":4},"end":{"line":34,"column":41}},"14":{"start":{"line":36,"column":4},"end":{"line":36,"column":68}},"15":{"start":{"line":37,"column":4},"end":{"line":37,"column":51}},"16":{"start":{"line":41,"column":19},"end":{"line":66,"column":1}},"17":{"start":{"line":42,"column":2},"end":{"line":65,"column":3}},"18":{"start":{"line":43,"column":19},"end":{"line":43,"column":58}},"19":{"start":{"line":44,"column":4},"end":{"line":44,"column":24}},"20":{"start":{"line":47,"column":4},"end":{"line":49,"column":5}},"21":{"start":{"line":48,"column":6},"end":{"line":48,"column":71}},"22":{"start":{"line":52,"column":18},"end":{"line":52,"column":94}},"23":{"start":{"line":55,"column":4},"end":{"line":59,"column":5}},"24":{"start":{"line":56,"column":6},"end":{"line":58,"column":9}},"25":{"start":{"line":61,"column":4},"end":{"line":61,"column":39}},"26":{"start":{"line":63,"column":4},"end":{"line":63,"column":67}},"27":{"start":{"line":64,"column":4},"end":{"line":64,"column":61}},"28":{"start":{"line":68,"column":25},"end":{"line":84,"column":1}},"29":{"start":{"line":69,"column":2},"end":{"line":83,"column":3}},"30":{"start":{"line":70,"column":17},"end":{"line":70,"column":40}},"31":{"start":{"line":72,"column":4},"end":{"line":76,"column":5}},"32":{"start":{"line":73,"column":6},"end":{"line":75,"column":9}},"33":{"start":{"line":78,"column":4},"end":{"line":78,"column":20}},"34":{"start":{"line":79,"column":4},"end":{"line":79,"column":11}},"35":{"start":{"line":81,"column":4},"end":{"line":81,"column":65}},"36":{"start":{"line":82,"column":4},"end":{"line":82,"column":61}},"37":{"start":{"line":86,"column":17},"end":{"line":115,"column":1}},"38":{"start":{"line":88,"column":2},"end":{"line":114,"column":3}},"39":{"start":{"line":89,"column":19},"end":{"line":89,"column":58}},"40":{"start":{"line":90,"column":19},"end":{"line":90,"column":58}},"41":{"start":{"line":93,"column":4},"end":{"line":97,"column":5}},"42":{"start":{"line":94,"column":6},"end":{"line":96,"column":9}},"43":{"start":{"line":100,"column":17},"end":{"line":100,"column":109}},"44":{"start":{"line":103,"column":4},"end":{"line":107,"column":5}},"45":{"start":{"line":104,"column":6},"end":{"line":106,"column":9}},"46":{"start":{"line":110,"column":4},"end":{"line":110,"column":38}},"47":{"start":{"line":112,"column":4},"end":{"line":112,"column":70}},"48":{"start":{"line":113,"column":4},"end":{"line":113,"column":61}},"49":{"start":{"line":117,"column":15},"end":{"line":148,"column":1}},"50":{"start":{"line":118,"column":2},"end":{"line":147,"column":3}},"51":{"start":{"line":119,"column":19},"end":{"line":119,"column":58}},"52":{"start":{"line":120,"column":19},"end":{"line":120,"column":58}},"53":{"start":{"line":123,"column":4},"end":{"line":125,"column":5}},"54":{"start":{"line":124,"column":6},"end":{"line":124,"column":79}},"55":{"start":{"line":128,"column":15},"end":{"line":128,"column":68}},"56":{"start":{"line":130,"column":4},"end":{"line":132,"column":5}},"57":{"start":{"line":131,"column":6},"end":{"line":131,"column":93}},"58":{"start":{"line":135,"column":4},"end":{"line":135,"column":34}},"59":{"start":{"line":136,"column":4},"end":{"line":136,"column":30}},"60":{"start":{"line":139,"column":4},"end":{"line":139,"column":22}},"61":{"start":{"line":142,"column":4},"end":{"line":142,"column":38}},"62":{"start":{"line":145,"column":4},"end":{"line":145,"column":68}},"63":{"start":{"line":146,"column":4},"end":{"line":146,"column":58}},"64":{"start":{"line":150,"column":15},"end":{"line":184,"column":1}},"65":{"start":{"line":151,"column":2},"end":{"line":183,"column":3}},"66":{"start":{"line":152,"column":19},"end":{"line":152,"column":58}},"67":{"start":{"line":153,"column":19},"end":{"line":153,"column":58}},"68":{"start":{"line":156,"column":4},"end":{"line":158,"column":5}},"69":{"start":{"line":157,"column":6},"end":{"line":157,"column":79}},"70":{"start":{"line":161,"column":17},"end":{"line":161,"column":70}},"71":{"start":{"line":163,"column":4},"end":{"line":165,"column":5}},"72":{"start":{"line":164,"column":6},"end":{"line":164,"column":93}},"73":{"start":{"line":168,"column":24},"end":{"line":168,"column":61}},"74":{"start":{"line":171,"column":4},"end":{"line":173,"column":5}},"75":{"start":{"line":172,"column":6},"end":{"line":172,"column":76}},"76":{"start":{"line":176,"column":4},"end":{"line":176,"column":74}},"77":{"start":{"line":179,"column":4},"end":{"line":179,"column":68}},"78":{"start":{"line":180,"column":4},"end":{"line":182,"column":7}}},"fnMap":{"0":{"name":"(anonymous_0)","decl":{"start":{"line":7,"column":28},"end":{"line":7,"column":29}},"loc":{"start":{"line":7,"column":53},"end":{"line":17,"column":1}},"line":7},"1":{"name":"(anonymous_1)","decl":{"start":{"line":19,"column":15},"end":{"line":19,"column":16}},"loc":{"start":{"line":19,"column":35},"end":{"line":39,"column":1}},"line":19},"2":{"name":"(anonymous_2)","decl":{"start":{"line":41,"column":19},"end":{"line":41,"column":20}},"loc":{"start":{"line":41,"column":39},"end":{"line":66,"column":1}},"line":41},"3":{"name":"(anonymous_3)","decl":{"start":{"line":68,"column":25},"end":{"line":68,"column":26}},"loc":{"start":{"line":68,"column":55},"end":{"line":84,"column":1}},"line":68},"4":{"name":"(anonymous_4)","decl":{"start":{"line":86,"column":17},"end":{"line":86,"column":18}},"loc":{"start":{"line":86,"column":37},"end":{"line":115,"column":1}},"line":86},"5":{"name":"(anonymous_5)","decl":{"start":{"line":117,"column":15},"end":{"line":117,"column":16}},"loc":{"start":{"line":117,"column":35},"end":{"line":148,"column":1}},"line":117},"6":{"name":"(anonymous_6)","decl":{"start":{"line":150,"column":15},"end":{"line":150,"column":16}},"loc":{"start":{"line":150,"column":35},"end":{"line":184,"column":1}},"line":150}},"branchMap":{"0":{"loc":{"start":{"line":9,"column":2},"end":{"line":13,"column":3}},"type":"if","locations":[{"start":{"line":9,"column":2},"end":{"line":13,"column":3}},{"start":{},"end":{}}],"line":9},"1":{"loc":{"start":{"line":28,"column":4},"end":{"line":30,"column":5}},"type":"if","locations":[{"start":{"line":28,"column":4},"end":{"line":30,"column":5}},{"start":{},"end":{}}],"line":28},"2":{"loc":{"start":{"line":47,"column":4},"end":{"line":49,"column":5}},"type":"if","locations":[{"start":{"line":47,"column":4},"end":{"line":49,"column":5}},{"start":{},"end":{}}],"line":47},"3":{"loc":{"start":{"line":55,"column":4},"end":{"line":59,"column":5}},"type":"if","locations":[{"start":{"line":55,"column":4},"end":{"line":59,"column":5}},{"start":{},"end":{}}],"line":55},"4":{"loc":{"start":{"line":72,"column":4},"end":{"line":76,"column":5}},"type":"if","locations":[{"start":{"line":72,"column":4},"end":{"line":76,"column":5}},{"start":{},"end":{}}],"line":72},"5":{"loc":{"start":{"line":93,"column":4},"end":{"line":97,"column":5}},"type":"if","locations":[{"start":{"line":93,"column":4},"end":{"line":97,"column":5}},{"start":{},"end":{}}],"line":93},"6":{"loc":{"start":{"line":93,"column":8},"end":{"line":93,"column":26}},"type":"binary-expr","locations":[{"start":{"line":93,"column":8},"end":{"line":93,"column":15}},{"start":{"line":93,"column":19},"end":{"line":93,"column":26}}],"line":93},"7":{"loc":{"start":{"line":103,"column":4},"end":{"line":107,"column":5}},"type":"if","locations":[{"start":{"line":103,"column":4},"end":{"line":107,"column":5}},{"start":{},"end":{}}],"line":103},"8":{"loc":{"start":{"line":123,"column":4},"end":{"line":125,"column":5}},"type":"if","locations":[{"start":{"line":123,"column":4},"end":{"line":125,"column":5}},{"start":{},"end":{}}],"line":123},"9":{"loc":{"start":{"line":123,"column":8},"end":{"line":123,"column":26}},"type":"binary-expr","locations":[{"start":{"line":123,"column":8},"end":{"line":123,"column":15}},{"start":{"line":123,"column":19},"end":{"line":123,"column":26}}],"line":123},"10":{"loc":{"start":{"line":130,"column":4},"end":{"line":132,"column":5}},"type":"if","locations":[{"start":{"line":130,"column":4},"end":{"line":132,"column":5}},{"start":{},"end":{}}],"line":130},"11":{"loc":{"start":{"line":156,"column":4},"end":{"line":158,"column":5}},"type":"if","locations":[{"start":{"line":156,"column":4},"end":{"line":158,"column":5}},{"start":{},"end":{}}],"line":156},"12":{"loc":{"start":{"line":156,"column":8},"end":{"line":156,"column":26}},"type":"binary-expr","locations":[{"start":{"line":156,"column":8},"end":{"line":156,"column":15}},{"start":{"line":156,"column":19},"end":{"line":156,"column":26}}],"line":156},"13":{"loc":{"start":{"line":163,"column":4},"end":{"line":165,"column":5}},"type":"if","locations":[{"start":{"line":163,"column":4},"end":{"line":165,"column":5}},{"start":{},"end":{}}],"line":163},"14":{"loc":{"start":{"line":171,"column":4},"end":{"line":173,"column":5}},"type":"if","locations":[{"start":{"line":171,"column":4},"end":{"line":173,"column":5}},{"start":{},"end":{}}],"line":171}},"s":{"0":3,"1":0,"2":0,"3":0,"4":0,"5":0,"6":3,"7":0,"8":0,"9":0,"10":0,"11":0,"12":0,"13":0,"14":0,"15":0,"16":3,"17":0,"18":0,"19":0,"20":0,"21":0,"22":0,"23":0,"24":0,"25":0,"26":0,"27":0,"28":3,"29":0,"30":0,"31":0,"32":0,"33":0,"34":0,"35":0,"36":0,"37":3,"38":0,"39":0,"40":0,"41":0,"42":0,"43":0,"44":0,"45":0,"46":0,"47":0,"48":0,"49":3,"50":0,"51":0,"52":0,"53":0,"54":0,"55":0,"56":0,"57":0,"58":0,"59":0,"60":0,"61":0,"62":0,"63":0,"64":3,"65":0,"66":0,"67":0,"68":0,"69":0,"70":0,"71":0,"72":0,"73":0,"74":0,"75":0,"76":0,"77":0,"78":0},"f":{"0":0,"1":0,"2":0,"3":0,"4":0,"5":0,"6":0},"b":{"0":[0,0],"1":[0,0],"2":[0,0],"3":[0,0],"4":[0,0],"5":[0,0],"6":[0,0],"7":[0,0],"8":[0,0],"9":[0,0],"10":[0,0],"11":[0,0],"12":[0,0],"13":[0,0],"14":[0,0]},"_coverageSchema":"1a1c01bbd47fc00a2c39e90264f33305004495a9","hash":"efdb58234d1ad4b5657f12da74ec4c200890bafc"}
,"C:\\Users\\user\\Desktop\\Job-Interview\\To-Do-List-REST-API--Civic-Voices-\\controllers\\user.controller.js": {"path":"C:\\Users\\user\\Desktop\\Job-Interview\\To-Do-List-REST-API--Civic-Voices-\\controllers\\user.controller.js","statementMap":{"0":{"start":{"line":7,"column":15},"end":{"line":36,"column":1}},"1":{"start":{"line":8,"column":4},"end":{"line":35,"column":5}},"2":{"start":{"line":10,"column":56},"end":{"line":10,"column":64}},"3":{"start":{"line":13,"column":30},"end":{"line":13,"column":59}},"4":{"start":{"line":14,"column":8},"end":{"line":16,"column":9}},"5":{"start":{"line":15,"column":12},"end":{"line":15,"column":78}},"6":{"start":{"line":19,"column":33},"end":{"line":19,"column":65}},"7":{"start":{"line":20,"column":8},"end":{"line":22,"column":9}},"8":{"start":{"line":21,"column":12},"end":{"line":21,"column":81}},"9":{"start":{"line":25,"column":24},"end":{"line":25,"column":42}},"10":{"start":{"line":27,"column":8},"end":{"line":27,"column":29}},"11":{"start":{"line":29,"column":8},"end":{"line":31,"column":11}},"12":{"start":{"line":33,"column":8},"end":{"line":33,"column":67}},"13":{"start":{"line":34,"column":8},"end":{"line":34,"column":54}},"14":{"start":{"line":38,"column":13},"end":{"line":53,"column":1}},"15":{"start":{"line":39,"column":4},"end":{"line":52,"column":5}},"16":{"start":{"line":40,"column":22},"end":{"line":40,"column":81}},"17":{"start":{"line":42,"column":8},"end":{"line":42,"column":27}},"18":{"start":{"line":44,"column":8},"end":{"line":46,"column":9}},"19":{"start":{"line":45,"column":12},"end":{"line":45,"column":74}},"20":{"start":{"line":48,"column":8},"end":{"line":48,"column":43}},"21":{"start":{"line":50,"column":8},"end":{"line":50,"column":65}},"22":{"start":{"line":51,"column":8},"end":{"line":51,"column":64}},"23":{"start":{"line":55,"column":17},"end":{"line":72,"column":1}},"24":{"start":{"line":56,"column":4},"end":{"line":70,"column":5}},"25":{"start":{"line":57,"column":21},"end":{"line":57,"column":44}},"26":{"start":{"line":59,"column":8},"end":{"line":63,"column":9}},"27":{"start":{"line":60,"column":12},"end":{"line":62,"column":15}},"28":{"start":{"line":65,"column":8},"end":{"line":65,"column":24}},"29":{"start":{"line":66,"column":8},"end":{"line":66,"column":15}},"30":{"start":{"line":68,"column":8},"end":{"line":68,"column":69}},"31":{"start":{"line":69,"column":8},"end":{"line":69,"column":64}},"32":{"start":{"line":74,"column":16},"end":{"line":78,"column":1}},"33":{"start":{"line":75,"column":4},"end":{"line":75,"column":41}},"34":{"start":{"line":76,"column":4},"end":{"line":76,"column":30}},"35":{"start":{"line":77,"column":4},"end":{"line":77,"column":30}},"36":{"start":{"line":80,"column":15},"end":{"line":93,"column":1}},"37":{"start":{"line":81,"column":4},"end":{"line":92,"column":5}},"38":{"start":{"line":82,"column":19},"end":{"line":82,"column":27}},"39":{"start":{"line":83,"column":8},"end":{"line":83,"column":38}},"40":{"start":{"line":84,"column":8},"end":{"line":84,"column":34}},"41":{"start":{"line":85,"column":8},"end":{"line":85,"column":26}},"42":{"start":{"line":86,"column":8},"end":{"line":86,"column":41}},"43":{"start":{"line":87,"column":8},"end":{"line":87,"column":30}},"44":{"start":{"line":88,"column":8},"end":{"line":88,"column":23}},"45":{"start":{"line":90,"column":8},"end":{"line":90,"column":66}},"46":{"start":{"line":91,"column":8},"end":{"line":91,"column":60}},"47":{"start":{"line":95,"column":15},"end":{"line":116,"column":1}},"48":{"start":{"line":96,"column":4},"end":{"line":115,"column":5}},"49":{"start":{"line":97,"column":19},"end":{"line":97,"column":27}},"50":{"start":{"line":98,"column":8},"end":{"line":98,"column":26}},"51":{"start":{"line":101,"column":8},"end":{"line":103,"column":9}},"52":{"start":{"line":102,"column":12},"end":{"line":102,"column":69}},"53":{"start":{"line":105,"column":26},"end":{"line":105,"column":48}},"54":{"start":{"line":106,"column":8},"end":{"line":106,"column":48}},"55":{"start":{"line":107,"column":8},"end":{"line":107,"column":37}},"56":{"start":{"line":108,"column":8},"end":{"line":108,"column":30}},"57":{"start":{"line":110,"column":8},"end":{"line":110,"column":66}},"58":{"start":{"line":111,"column":8},"end":{"line":113,"column":11}}},"fnMap":{"0":{"name":"(anonymous_0)","decl":{"start":{"line":7,"column":15},"end":{"line":7,"column":16}},"loc":{"start":{"line":7,"column":35},"end":{"line":36,"column":1}},"line":7},"1":{"name":"(anonymous_1)","decl":{"start":{"line":38,"column":13},"end":{"line":38,"column":14}},"loc":{"start":{"line":38,"column":33},"end":{"line":53,"column":1}},"line":38},"2":{"name":"(anonymous_2)","decl":{"start":{"line":55,"column":17},"end":{"line":55,"column":18}},"loc":{"start":{"line":55,"column":47},"end":{"line":72,"column":1}},"line":55},"3":{"name":"(anonymous_3)","decl":{"start":{"line":74,"column":16},"end":{"line":74,"column":17}},"loc":{"start":{"line":74,"column":36},"end":{"line":78,"column":1}},"line":74},"4":{"name":"(anonymous_4)","decl":{"start":{"line":80,"column":15},"end":{"line":80,"column":16}},"loc":{"start":{"line":80,"column":35},"end":{"line":93,"column":1}},"line":80},"5":{"name":"(anonymous_5)","decl":{"start":{"line":95,"column":15},"end":{"line":95,"column":16}},"loc":{"start":{"line":95,"column":41},"end":{"line":116,"column":1}},"line":95}},"branchMap":{"0":{"loc":{"start":{"line":14,"column":8},"end":{"line":16,"column":9}},"type":"if","locations":[{"start":{"line":14,"column":8},"end":{"line":16,"column":9}},{"start":{},"end":{}}],"line":14},"1":{"loc":{"start":{"line":20,"column":8},"end":{"line":22,"column":9}},"type":"if","locations":[{"start":{"line":20,"column":8},"end":{"line":22,"column":9}},{"start":{},"end":{}}],"line":20},"2":{"loc":{"start":{"line":44,"column":8},"end":{"line":46,"column":9}},"type":"if","locations":[{"start":{"line":44,"column":8},"end":{"line":46,"column":9}},{"start":{},"end":{}}],"line":44},"3":{"loc":{"start":{"line":59,"column":8},"end":{"line":63,"column":9}},"type":"if","locations":[{"start":{"line":59,"column":8},"end":{"line":63,"column":9}},{"start":{},"end":{}}],"line":59},"4":{"loc":{"start":{"line":101,"column":8},"end":{"line":103,"column":9}},"type":"if","locations":[{"start":{"line":101,"column":8},"end":{"line":103,"column":9}},{"start":{},"end":{}}],"line":101}},"s":{"0":3,"1":0,"2":0,"3":0,"4":0,"5":0,"6":0,"7":0,"8":0,"9":0,"10":0,"11":0,"12":0,"13":0,"14":3,"15":0,"16":0,"17":0,"18":0,"19":0,"20":0,"21":0,"22":0,"23":3,"24":0,"25":0,"26":0,"27":0,"28":0,"29":0,"30":0,"31":0,"32":3,"33":0,"34":0,"35":0,"36":3,"37":0,"38":0,"39":0,"40":0,"41":0,"42":0,"43":0,"44":0,"45":0,"46":0,"47":3,"48":0,"49":0,"50":0,"51":0,"52":0,"53":0,"54":0,"55":0,"56":0,"57":0,"58":0},"f":{"0":0,"1":0,"2":0,"3":0,"4":0,"5":0},"b":{"0":[0,0],"1":[0,0],"2":[0,0],"3":[0,0],"4":[0,0]},"_coverageSchema":"1a1c01bbd47fc00a2c39e90264f33305004495a9","hash":"10c7b65b016bc9251eba4682baa5217aa1458aa8"}
,"C:\\Users\\user\\Desktop\\Job-Interview\\To-Do-List-REST-API--Civic-Voices-\\db\\connectToMongoDB.js": {"path":"C:\\Users\\user\\Desktop\\Job-Interview\\To-Do-List-REST-API--Civic-Voices-\\db\\connectToMongoDB.js","statementMap":{"0":{"start":{"line":3,"column":25},"end":{"line":14,"column":1}},"1":{"start":{"line":4,"column":4},"end":{"line":13,"column":5}},"2":{"start":{"line":5,"column":21},"end":{"line":7,"column":9}},"3":{"start":{"line":8,"column":8},"end":{"line":8,"column":66}},"4":{"start":{"line":11,"column":8},"end":{"line":11,"column":68}},"5":{"start":{"line":12,"column":8},"end":{"line":12,"column":24}}},"fnMap":{"0":{"name":"(anonymous_0)","decl":{"start":{"line":3,"column":25},"end":{"line":3,"column":26}},"loc":{"start":{"line":3,"column":37},"end":{"line":14,"column":1}},"line":3}},"branchMap":{},"s":{"0":3,"1":1,"2":1,"3":0,"4":0,"5":0},"f":{"0":1},"b":{},"_coverageSchema":"1a1c01bbd47fc00a2c39e90264f33305004495a9","hash":"a437122eacc9ed32d61f1974cceaee75bf4e7ee4"}
,"C:\\Users\\user\\Desktop\\Job-Interview\\To-Do-List-REST-API--Civic-Voices-\\models\\task.model.js": {"path":"C:\\Users\\user\\Desktop\\Job-Interview\\To-Do-List-REST-API--Civic-Voices-\\models\\task.model.js","statementMap":{"0":{"start":{"line":3,"column":19},"end":{"line":26,"column":2}},"1":{"start":{"line":28,"column":13},"end":{"line":28,"column":47}}},"fnMap":{},"branchMap":{},"s":{"0":3,"1":3},"f":{},"b":{},"_coverageSchema":"1a1c01bbd47fc00a2c39e90264f33305004495a9","hash":"a06bd9875d8296b783422f0b1c40eb2d81bc7f0c"}
,"C:\\Users\\user\\Desktop\\Job-Interview\\To-Do-List-REST-API--Civic-Voices-\\models\\user.model.js": {"path":"C:\\Users\\user\\Desktop\\Job-Interview\\To-Do-List-REST-API--Civic-Voices-\\models\\user.model.js","statementMap":{"0":{"start":{"line":3,"column":19},"end":{"line":32,"column":2}},"1":{"start":{"line":34,"column":0},"end":{"line":43,"column":5}},"2":{"start":{"line":37,"column":4},"end":{"line":37,"column":30}},"3":{"start":{"line":38,"column":4},"end":{"line":38,"column":32}},"4":{"start":{"line":39,"column":4},"end":{"line":39,"column":58}},"5":{"start":{"line":42,"column":4},"end":{"line":42,"column":26}},"6":{"start":{"line":45,"column":0},"end":{"line":72,"column":2}},"7":{"start":{"line":51,"column":4},"end":{"line":51,"column":68}},"8":{"start":{"line":57,"column":4},"end":{"line":57,"column":29}},"9":{"start":{"line":57,"column":19},"end":{"line":57,"column":29}},"10":{"start":{"line":58,"column":4},"end":{"line":65,"column":5}},"11":{"start":{"line":59,"column":6},"end":{"line":62,"column":23}},"12":{"start":{"line":64,"column":6},"end":{"line":64,"column":16}},"13":{"start":{"line":70,"column":4},"end":{"line":70,"column":65}},"14":{"start":{"line":77,"column":0},"end":{"line":92,"column":9}},"15":{"start":{"line":78,"column":2},"end":{"line":84,"column":3}},"16":{"start":{"line":83,"column":4},"end":{"line":83,"column":75}},"17":{"start":{"line":85,"column":2},"end":{"line":91,"column":3}},"18":{"start":{"line":90,"column":4},"end":{"line":90,"column":56}},"19":{"start":{"line":94,"column":13},"end":{"line":94,"column":47}}},"fnMap":{"0":{"name":"(anonymous_0)","decl":{"start":{"line":36,"column":7},"end":{"line":36,"column":8}},"loc":{"start":{"line":36,"column":27},"end":{"line":40,"column":3}},"line":36},"1":{"name":"(anonymous_1)","decl":{"start":{"line":41,"column":7},"end":{"line":41,"column":8}},"loc":{"start":{"line":41,"column":19},"end":{"line":43,"column":3}},"line":41},"2":{"name":"(anonymous_2)","decl":{"start":{"line":46,"column":16},"end":{"line":46,"column":17}},"loc":{"start":{"line":46,"column":37},"end":{"line":52,"column":3}},"line":46},"3":{"name":"(anonymous_3)","decl":{"start":{"line":53,"column":19},"end":{"line":53,"column":20}},"loc":{"start":{"line":53,"column":39},"end":{"line":66,"column":3}},"line":53},"4":{"name":"(anonymous_4)","decl":{"start":{"line":67,"column":12},"end":{"line":67,"column":13}},"loc":{"start":{"line":67,"column":24},"end":{"line":71,"column":3}},"line":67},"5":{"name":"(anonymous_5)","decl":{"start":{"line":77,"column":44},"end":{"line":77,"column":45}},"loc":{"start":{"line":77,"column":57},"end":{"line":92,"column":1}},"line":77}},"branchMap":{"0":{"loc":{"start":{"line":57,"column":4},"end":{"line":57,"column":29}},"type":"if","locations":[{"start":{"line":57,"column":4},"end":{"line":57,"column":29}},{"start":{},"end":{}}],"line":57},"1":{"loc":{"start":{"line":78,"column":2},"end":{"line":84,"column":3}},"type":"if","locations":[{"start":{"line":78,"column":2},"end":{"line":84,"column":3}},{"start":{},"end":{}}],"line":78},"2":{"loc":{"start":{"line":78,"column":6},"end":{"line":78,"column":49}},"type":"binary-expr","locations":[{"start":{"line":78,"column":6},"end":{"line":78,"column":20}},{"start":{"line":78,"column":24},"end":{"line":78,"column":49}}],"line":78},"3":{"loc":{"start":{"line":85,"column":2},"end":{"line":91,"column":3}},"type":"if","locations":[{"start":{"line":85,"column":2},"end":{"line":91,"column":3}},{"start":{},"end":{}}],"line":85},"4":{"loc":{"start":{"line":85,"column":6},"end":{"line":85,"column":35}},"type":"binary-expr","locations":[{"start":{"line":85,"column":6},"end":{"line":85,"column":16}},{"start":{"line":85,"column":20},"end":{"line":85,"column":35}}],"line":85}},"s":{"0":3,"1":3,"2":0,"3":0,"4":0,"5":0,"6":3,"7":0,"8":0,"9":0,"10":0,"11":0,"12":0,"13":0,"14":3,"15":0,"16":0,"17":0,"18":0,"19":3},"f":{"0":0,"1":0,"2":0,"3":0,"4":0,"5":0},"b":{"0":[0,0],"1":[0,0],"2":[0,0],"3":[0,0],"4":[0,0]},"_coverageSchema":"1a1c01bbd47fc00a2c39e90264f33305004495a9","hash":"04744c8112ca322d5133da989613e6721e84a483"}
,"C:\\Users\\user\\Desktop\\Job-Interview\\To-Do-List-REST-API--Civic-Voices-\\routers\\auth.router.js": {"path":"C:\\Users\\user\\Desktop\\Job-Interview\\To-Do-List-REST-API--Civic-Voices-\\routers\\auth.router.js","statementMap":{"0":{"start":{"line":5,"column":15},"end":{"line":5,"column":31}},"1":{"start":{"line":7,"column":0},"end":{"line":8,"column":27}},"2":{"start":{"line":10,"column":0},"end":{"line":11,"column":27}}},"fnMap":{},"branchMap":{},"s":{"0":3,"1":3,"2":3},"f":{},"b":{},"_coverageSchema":"1a1c01bbd47fc00a2c39e90264f33305004495a9","hash":"eb9cad399a0420270242da0b39e23d6ee6a174cb"}
,"C:\\Users\\user\\Desktop\\Job-Interview\\To-Do-List-REST-API--Civic-Voices-\\routers\\task.router.js": {"path":"C:\\Users\\user\\Desktop\\Job-Interview\\To-Do-List-REST-API--Civic-Voices-\\routers\\task.router.js","statementMap":{"0":{"start":{"line":8,"column":15},"end":{"line":8,"column":31}},"1":{"start":{"line":10,"column":0},"end":{"line":14,"column":5}},"2":{"start":{"line":16,"column":0},"end":{"line":20,"column":5}},"3":{"start":{"line":22,"column":0},"end":{"line":34,"column":5}},"4":{"start":{"line":38,"column":0},"end":{"line":38,"column":50}}},"fnMap":{},"branchMap":{},"s":{"0":3,"1":3,"2":3,"3":3,"4":3},"f":{},"b":{},"_coverageSchema":"1a1c01bbd47fc00a2c39e90264f33305004495a9","hash":"69a5ca86d73e30060205c3a952110da06e52a220"}
,"C:\\Users\\user\\Desktop\\Job-Interview\\To-Do-List-REST-API--Civic-Voices-\\routers\\user.router.js": {"path":"C:\\Users\\user\\Desktop\\Job-Interview\\To-Do-List-REST-API--Civic-Voices-\\routers\\user.router.js","statementMap":{"0":{"start":{"line":7,"column":15},"end":{"line":7,"column":31}},"1":{"start":{"line":9,"column":0},"end":{"line":11,"column":24}},"2":{"start":{"line":13,"column":0},"end":{"line":27,"column":6}},"3":{"start":{"line":30,"column":0},"end":{"line":30,"column":42}}},"fnMap":{},"branchMap":{},"s":{"0":3,"1":3,"2":3,"3":3},"f":{},"b":{},"_coverageSchema":"1a1c01bbd47fc00a2c39e90264f33305004495a9","hash":"df6ea56d21f53e022edc116a0f1c41cf3706dd72"}
}
