{"C:\\Users\\user\\Desktop\\Job-Interview\\To-Do-List-REST-API--Civic-Voices-\\server.js": {"path":"C:\\Users\\user\\Desktop\\Job-Interview\\To-Do-List-REST-API--Civic-Voices-\\server.js","statementMap":{"0":{"start":{"line":11,"column":0},"end":{"line":11,"column":16}},"1":{"start":{"line":13,"column":12},"end":{"line":13,"column":21}},"2":{"start":{"line":14,"column":13},"end":{"line":14,"column":37}},"3":{"start":{"line":16,"column":0},"end":{"line":16,"column":24}},"4":{"start":{"line":17,"column":0},"end":{"line":17,"column":24}},"5":{"start":{"line":18,"column":0},"end":{"line":18,"column":18}},"6":{"start":{"line":20,"column":0},"end":{"line":20,"column":24}},"7":{"start":{"line":21,"column":0},"end":{"line":21,"column":24}},"8":{"start":{"line":22,"column":0},"end":{"line":22,"column":24}},"9":{"start":{"line":24,"column":0},"end":{"line":31,"column":3}},"10":{"start":{"line":25,"column":2},"end":{"line":30,"column":3}},"11":{"start":{"line":26,"column":4},"end":{"line":26,"column":67}},"12":{"start":{"line":27,"column":9},"end":{"line":30,"column":3}},"13":{"start":{"line":28,"column":4},"end":{"line":28,"column":67}},"14":{"start":{"line":29,"column":4},"end":{"line":29,"column":21}},"15":{"start":{"line":33,"column":0},"end":{"line":36,"column":3}},"16":{"start":{"line":34,"column":2},"end":{"line":34,"column":63}},"17":{"start":{"line":35,"column":2},"end":{"line":35,"column":21}}},"fnMap":{"0":{"name":"(anonymous_0)","decl":{"start":{"line":24,"column":8},"end":{"line":24,"column":9}},"loc":{"start":{"line":24,"column":33},"end":{"line":31,"column":1}},"line":24},"1":{"name":"(anonymous_1)","decl":{"start":{"line":33,"column":17},"end":{"line":33,"column":18}},"loc":{"start":{"line":33,"column":23},"end":{"line":36,"column":1}},"line":33}},"branchMap":{"0":{"loc":{"start":{"line":14,"column":13},"end":{"line":14,"column":37}},"type":"binary-expr","locations":[{"start":{"line":14,"column":13},"end":{"line":14,"column":29}},{"start":{"line":14,"column":33},"end":{"line":14,"column":37}}],"line":14},"1":{"loc":{"start":{"line":25,"column":2},"end":{"line":30,"column":3}},"type":"if","locations":[{"start":{"line":25,"column":2},"end":{"line":30,"column":3}},{"start":{"line":27,"column":9},"end":{"line":30,"column":3}}],"line":25},"2":{"loc":{"start":{"line":27,"column":9},"end":{"line":30,"column":3}},"type":"if","locations":[{"start":{"line":27,"column":9},"end":{"line":30,"column":3}},{"start":{},"end":{}}],"line":27}},"s":{"0":3,"1":3,"2":3,"3":3,"4":3,"5":3,"6":3,"7":3,"8":3,"9":3,"10":0,"11":0,"12":0,"13":0,"14":0,"15":3,"16":1,"17":1},"f":{"0":0,"1":1},"b":{"0":[3,0],"1":[0,0],"2":[0,0]},"_coverageSchema":"1a1c01bbd47fc00a2c39e90264f33305004495a9","hash":"c074229111e8c68c7128315fbd0637842c3e8889"}
,"C:\\Users\\user\\Desktop\\Job-Interview\\To-Do-List-REST-API--Civic-Voices-\\controllers\\auth.controller.js": {"path":"C:\\Users\\user\\Desktop\\Job-Interview\\To-Do-List-REST-API--Civic-Voices-\\controllers\\auth.controller.js","statementMap":{"0":{"start":{"line":6,"column":0},"end":{"line":6,"column":16}},"1":{"start":{"line":8,"column":15},"end":{"line":49,"column":1}},"2":{"start":{"line":9,"column":2},"end":{"line":48,"column":3}},"3":{"start":{"line":10,"column":15},"end":{"line":12,"column":6}},"4":{"start":{"line":16,"column":4},"end":{"line":20,"column":5}},"5":{"start":{"line":17,"column":6},"end":{"line":19,"column":9}},"6":{"start":{"line":22,"column":4},"end":{"line":26,"column":5}},"7":{"start":{"line":23,"column":6},"end":{"line":25,"column":9}},"8":{"start":{"line":28,"column":18},"end":{"line":28,"column":69}},"9":{"start":{"line":30,"column":4},"end":{"line":30,"column":23}},"10":{"start":{"line":32,"column":4},"end":{"line":34,"column":7}},"11":{"start":{"line":36,"column":4},"end":{"line":43,"column":7}},"12":{"start":{"line":45,"column":4},"end":{"line":47,"column":7}},"13":{"start":{"line":51,"column":16},"end":{"line":56,"column":1}},"14":{"start":{"line":52,"column":2},"end":{"line":52,"column":23}},"15":{"start":{"line":53,"column":2},"end":{"line":55,"column":5}},"16":{"start":{"line":58,"column":22},"end":{"line":62,"column":2}},"17":{"start":{"line":64,"column":25},"end":{"line":72,"column":1}},"18":{"start":{"line":65,"column":21},"end":{"line":65,"column":73}},"19":{"start":{"line":66,"column":2},"end":{"line":70,"column":3}},"20":{"start":{"line":67,"column":4},"end":{"line":69,"column":7}},"21":{"start":{"line":71,"column":2},"end":{"line":71,"column":9}}},"fnMap":{"0":{"name":"(anonymous_0)","decl":{"start":{"line":8,"column":15},"end":{"line":8,"column":16}},"loc":{"start":{"line":8,"column":35},"end":{"line":49,"column":1}},"line":8},"1":{"name":"(anonymous_1)","decl":{"start":{"line":51,"column":16},"end":{"line":51,"column":17}},"loc":{"start":{"line":51,"column":30},"end":{"line":56,"column":1}},"line":51},"2":{"name":"(anonymous_2)","decl":{"start":{"line":64,"column":25},"end":{"line":64,"column":26}},"loc":{"start":{"line":64,"column":45},"end":{"line":72,"column":1}},"line":64}},"branchMap":{"0":{"loc":{"start":{"line":16,"column":4},"end":{"line":20,"column":5}},"type":"if","locations":[{"start":{"line":16,"column":4},"end":{"line":20,"column":5}},{"start":{},"end":{}}],"line":16},"1":{"loc":{"start":{"line":22,"column":4},"end":{"line":26,"column":5}},"type":"if","locations":[{"start":{"line":22,"column":4},"end":{"line":26,"column":5}},{"start":{},"end":{}}],"line":22},"2":{"loc":{"start":{"line":65,"column":21},"end":{"line":65,"column":73}},"type":"binary-expr","locations":[{"start":{"line":65,"column":21},"end":{"line":65,"column":29}},{"start":{"line":65,"column":33},"end":{"line":65,"column":41}},{"start":{"line":65,"column":45},"end":{"line":65,"column":73}}],"line":65},"3":{"loc":{"start":{"line":66,"column":2},"end":{"line":70,"column":3}},"type":"if","locations":[{"start":{"line":66,"column":2},"end":{"line":70,"column":3}},{"start":{},"end":{}}],"line":66}},"s":{"0":3,"1":3,"2":0,"3":0,"4":0,"5":0,"6":0,"7":0,"8":0,"9":0,"10":0,"11":0,"12":0,"13":3,"14":0,"15":0,"16":3,"17":3,"18":0,"19":0,"20":0,"21":0},"f":{"0":0,"1":0,"2":0},"b":{"0":[0,0],"1":[0,0],"2":[0,0,0],"3":[0,0]},"_coverageSchema":"1a1c01bbd47fc00a2c39e90264f33305004495a9","hash":"1ff70e4e1514bc4a3e27d5a26154357c3c27f328"}
,"C:\\Users\\user\\Desktop\\Job-Interview\\To-Do-List-REST-API--Civic-Voices-\\controllers\\task.controller.js": {"path":"C:\\Users\\user\\Desktop\\Job-Interview\\To-Do-List-REST-API--Civic-Voices-\\controllers\\task.controller.js","statementMap":{"0":{"start":{"line":7,"column":28},"end":{"line":17,"column":1}},"1":{"start":{"line":8,"column":13},"end":{"line":8,"column":34}},"2":{"start":{"line":9,"column":2},"end":{"line":13,"column":3}},"3":{"start":{"line":10,"column":4},"end":{"line":12,"column":7}},"4":{"start":{"line":14,"column":19},"end":{"line":14,"column":50}},"5":{"start":{"line":16,"column":2},"end":{"line":16,"column":18}},"6":{"start":{"line":19,"column":15},"end":{"line":39,"column":1}},"7":{"start":{"line":20,"column":2},"end":{"line":38,"column":3}},"8":{"start":{"line":21,"column":22},"end":{"line":21,"column":39}},"9":{"start":{"line":22,"column":20},"end":{"line":26,"column":6}},"10":{"start":{"line":28,"column":4},"end":{"line":30,"column":5}},"11":{"start":{"line":29,"column":6},"end":{"line":29,"column":75}},"12":{"start":{"line":32,"column":4},"end":{"line":32,"column":25}},"13":{"start":{"line":34,"column":4},"end":{"line":34,"column":41}},"14":{"start":{"line":36,"column":4},"end":{"line":36,"column":68}},"15":{"start":{"line":37,"column":4},"end":{"line":37,"column":51}},"16":{"start":{"line":41,"column":19},"end":{"line":70,"column":1}},"17":{"start":{"line":42,"column":2},"end":{"line":69,"column":3}},"18":{"start":{"line":43,"column":19},"end":{"line":43,"column":53}},"19":{"start":{"line":45,"column":4},"end":{"line":47,"column":5}},"20":{"start":{"line":46,"column":6},"end":{"line":46,"column":71}},"21":{"start":{"line":50,"column":18},"end":{"line":50,"column":94}},"22":{"start":{"line":53,"column":4},"end":{"line":57,"column":5}},"23":{"start":{"line":54,"column":6},"end":{"line":56,"column":9}},"24":{"start":{"line":65,"column":4},"end":{"line":65,"column":39}},"25":{"start":{"line":67,"column":4},"end":{"line":67,"column":67}},"26":{"start":{"line":68,"column":4},"end":{"line":68,"column":61}},"27":{"start":{"line":72,"column":25},"end":{"line":88,"column":1}},"28":{"start":{"line":73,"column":2},"end":{"line":87,"column":3}},"29":{"start":{"line":74,"column":17},"end":{"line":74,"column":40}},"30":{"start":{"line":76,"column":4},"end":{"line":80,"column":5}},"31":{"start":{"line":77,"column":6},"end":{"line":79,"column":9}},"32":{"start":{"line":82,"column":4},"end":{"line":82,"column":20}},"33":{"start":{"line":83,"column":4},"end":{"line":83,"column":11}},"34":{"start":{"line":85,"column":4},"end":{"line":85,"column":65}},"35":{"start":{"line":86,"column":4},"end":{"line":86,"column":61}},"36":{"start":{"line":90,"column":17},"end":{"line":119,"column":1}},"37":{"start":{"line":92,"column":2},"end":{"line":118,"column":3}},"38":{"start":{"line":93,"column":19},"end":{"line":93,"column":53}},"39":{"start":{"line":94,"column":19},"end":{"line":94,"column":53}},"40":{"start":{"line":97,"column":4},"end":{"line":101,"column":5}},"41":{"start":{"line":98,"column":6},"end":{"line":100,"column":9}},"42":{"start":{"line":104,"column":17},"end":{"line":104,"column":109}},"43":{"start":{"line":107,"column":4},"end":{"line":111,"column":5}},"44":{"start":{"line":108,"column":6},"end":{"line":110,"column":9}},"45":{"start":{"line":114,"column":4},"end":{"line":114,"column":38}},"46":{"start":{"line":116,"column":4},"end":{"line":116,"column":70}},"47":{"start":{"line":117,"column":4},"end":{"line":117,"column":61}},"48":{"start":{"line":121,"column":15},"end":{"line":152,"column":1}},"49":{"start":{"line":122,"column":2},"end":{"line":151,"column":3}},"50":{"start":{"line":123,"column":19},"end":{"line":123,"column":53}},"51":{"start":{"line":124,"column":19},"end":{"line":124,"column":53}},"52":{"start":{"line":127,"column":4},"end":{"line":129,"column":5}},"53":{"start":{"line":128,"column":6},"end":{"line":128,"column":79}},"54":{"start":{"line":132,"column":15},"end":{"line":132,"column":68}},"55":{"start":{"line":134,"column":4},"end":{"line":136,"column":5}},"56":{"start":{"line":135,"column":6},"end":{"line":135,"column":93}},"57":{"start":{"line":139,"column":4},"end":{"line":139,"column":34}},"58":{"start":{"line":140,"column":4},"end":{"line":140,"column":30}},"59":{"start":{"line":143,"column":4},"end":{"line":143,"column":22}},"60":{"start":{"line":146,"column":4},"end":{"line":146,"column":38}},"61":{"start":{"line":149,"column":4},"end":{"line":149,"column":68}},"62":{"start":{"line":150,"column":4},"end":{"line":150,"column":58}},"63":{"start":{"line":154,"column":15},"end":{"line":188,"column":1}},"64":{"start":{"line":155,"column":2},"end":{"line":187,"column":3}},"65":{"start":{"line":156,"column":19},"end":{"line":156,"column":53}},"66":{"start":{"line":157,"column":19},"end":{"line":157,"column":53}},"67":{"start":{"line":160,"column":4},"end":{"line":162,"column":5}},"68":{"start":{"line":161,"column":6},"end":{"line":161,"column":79}},"69":{"start":{"line":165,"column":17},"end":{"line":165,"column":70}},"70":{"start":{"line":167,"column":4},"end":{"line":169,"column":5}},"71":{"start":{"line":168,"column":6},"end":{"line":168,"column":93}},"72":{"start":{"line":172,"column":24},"end":{"line":172,"column":61}},"73":{"start":{"line":175,"column":4},"end":{"line":177,"column":5}},"74":{"start":{"line":176,"column":6},"end":{"line":176,"column":76}},"75":{"start":{"line":180,"column":4},"end":{"line":180,"column":74}},"76":{"start":{"line":183,"column":4},"end":{"line":183,"column":68}},"77":{"start":{"line":184,"column":4},"end":{"line":186,"column":7}}},"fnMap":{"0":{"name":"(anonymous_0)","decl":{"start":{"line":7,"column":28},"end":{"line":7,"column":29}},"loc":{"start":{"line":7,"column":53},"end":{"line":17,"column":1}},"line":7},"1":{"name":"(anonymous_1)","decl":{"start":{"line":19,"column":15},"end":{"line":19,"column":16}},"loc":{"start":{"line":19,"column":35},"end":{"line":39,"column":1}},"line":19},"2":{"name":"(anonymous_2)","decl":{"start":{"line":41,"column":19},"end":{"line":41,"column":20}},"loc":{"start":{"line":41,"column":39},"end":{"line":70,"column":1}},"line":41},"3":{"name":"(anonymous_3)","decl":{"start":{"line":72,"column":25},"end":{"line":72,"column":26}},"loc":{"start":{"line":72,"column":55},"end":{"line":88,"column":1}},"line":72},"4":{"name":"(anonymous_4)","decl":{"start":{"line":90,"column":17},"end":{"line":90,"column":18}},"loc":{"start":{"line":90,"column":37},"end":{"line":119,"column":1}},"line":90},"5":{"name":"(anonymous_5)","decl":{"start":{"line":121,"column":15},"end":{"line":121,"column":16}},"loc":{"start":{"line":121,"column":35},"end":{"line":152,"column":1}},"line":121},"6":{"name":"(anonymous_6)","decl":{"start":{"line":154,"column":15},"end":{"line":154,"column":16}},"loc":{"start":{"line":154,"column":35},"end":{"line":188,"column":1}},"line":154}},"branchMap":{"0":{"loc":{"start":{"line":9,"column":2},"end":{"line":13,"column":3}},"type":"if","locations":[{"start":{"line":9,"column":2},"end":{"line":13,"column":3}},{"start":{},"end":{}}],"line":9},"1":{"loc":{"start":{"line":28,"column":4},"end":{"line":30,"column":5}},"type":"if","locations":[{"start":{"line":28,"column":4},"end":{"line":30,"column":5}},{"start":{},"end":{}}],"line":28},"2":{"loc":{"start":{"line":45,"column":4},"end":{"line":47,"column":5}},"type":"if","locations":[{"start":{"line":45,"column":4},"end":{"line":47,"column":5}},{"start":{},"end":{}}],"line":45},"3":{"loc":{"start":{"line":53,"column":4},"end":{"line":57,"column":5}},"type":"if","locations":[{"start":{"line":53,"column":4},"end":{"line":57,"column":5}},{"start":{},"end":{}}],"line":53},"4":{"loc":{"start":{"line":76,"column":4},"end":{"line":80,"column":5}},"type":"if","locations":[{"start":{"line":76,"column":4},"end":{"line":80,"column":5}},{"start":{},"end":{}}],"line":76},"5":{"loc":{"start":{"line":97,"column":4},"end":{"line":101,"column":5}},"type":"if","locations":[{"start":{"line":97,"column":4},"end":{"line":101,"column":5}},{"start":{},"end":{}}],"line":97},"6":{"loc":{"start":{"line":97,"column":8},"end":{"line":97,"column":26}},"type":"binary-expr","locations":[{"start":{"line":97,"column":8},"end":{"line":97,"column":15}},{"start":{"line":97,"column":19},"end":{"line":97,"column":26}}],"line":97},"7":{"loc":{"start":{"line":107,"column":4},"end":{"line":111,"column":5}},"type":"if","locations":[{"start":{"line":107,"column":4},"end":{"line":111,"column":5}},{"start":{},"end":{}}],"line":107},"8":{"loc":{"start":{"line":127,"column":4},"end":{"line":129,"column":5}},"type":"if","locations":[{"start":{"line":127,"column":4},"end":{"line":129,"column":5}},{"start":{},"end":{}}],"line":127},"9":{"loc":{"start":{"line":127,"column":8},"end":{"line":127,"column":26}},"type":"binary-expr","locations":[{"start":{"line":127,"column":8},"end":{"line":127,"column":15}},{"start":{"line":127,"column":19},"end":{"line":127,"column":26}}],"line":127},"10":{"loc":{"start":{"line":134,"column":4},"end":{"line":136,"column":5}},"type":"if","locations":[{"start":{"line":134,"column":4},"end":{"line":136,"column":5}},{"start":{},"end":{}}],"line":134},"11":{"loc":{"start":{"line":160,"column":4},"end":{"line":162,"column":5}},"type":"if","locations":[{"start":{"line":160,"column":4},"end":{"line":162,"column":5}},{"start":{},"end":{}}],"line":160},"12":{"loc":{"start":{"line":160,"column":8},"end":{"line":160,"column":26}},"type":"binary-expr","locations":[{"start":{"line":160,"column":8},"end":{"line":160,"column":15}},{"start":{"line":160,"column":19},"end":{"line":160,"column":26}}],"line":160},"13":{"loc":{"start":{"line":167,"column":4},"end":{"line":169,"column":5}},"type":"if","locations":[{"start":{"line":167,"column":4},"end":{"line":169,"column":5}},{"start":{},"end":{}}],"line":167},"14":{"loc":{"start":{"line":175,"column":4},"end":{"line":177,"column":5}},"type":"if","locations":[{"start":{"line":175,"column":4},"end":{"line":177,"column":5}},{"start":{},"end":{}}],"line":175}},"s":{"0":3,"1":0,"2":0,"3":0,"4":0,"5":0,"6":3,"7":0,"8":0,"9":0,"10":0,"11":0,"12":0,"13":0,"14":0,"15":0,"16":3,"17":0,"18":0,"19":0,"20":0,"21":0,"22":0,"23":0,"24":0,"25":0,"26":0,"27":3,"28":0,"29":0,"30":0,"31":0,"32":0,"33":0,"34":0,"35":0,"36":3,"37":0,"38":0,"39":0,"40":0,"41":0,"42":0,"43":0,"44":0,"45":0,"46":0,"47":0,"48":3,"49":0,"50":0,"51":0,"52":0,"53":0,"54":0,"55":0,"56":0,"57":0,"58":0,"59":0,"60":0,"61":0,"62":0,"63":3,"64":0,"65":0,"66":0,"67":0,"68":0,"69":0,"70":0,"71":0,"72":0,"73":0,"74":0,"75":0,"76":0,"77":0},"f":{"0":0,"1":0,"2":0,"3":0,"4":0,"5":0,"6":0},"b":{"0":[0,0],"1":[0,0],"2":[0,0],"3":[0,0],"4":[0,0],"5":[0,0],"6":[0,0],"7":[0,0],"8":[0,0],"9":[0,0],"10":[0,0],"11":[0,0],"12":[0,0],"13":[0,0],"14":[0,0]},"_coverageSchema":"1a1c01bbd47fc00a2c39e90264f33305004495a9","hash":"e9321f8a3874f77a6e1eeb02dac6c091644314ee"}
,"C:\\Users\\user\\Desktop\\Job-Interview\\To-Do-List-REST-API--Civic-Voices-\\controllers\\user.controller.js": {"path":"C:\\Users\\user\\Desktop\\Job-Interview\\To-Do-List-REST-API--Civic-Voices-\\controllers\\user.controller.js","statementMap":{"0":{"start":{"line":7,"column":15},"end":{"line":21,"column":1}},"1":{"start":{"line":8,"column":4},"end":{"line":20,"column":5}},"2":{"start":{"line":9,"column":24},"end":{"line":9,"column":42}},"3":{"start":{"line":11,"column":8},"end":{"line":11,"column":29}},"4":{"start":{"line":14,"column":8},"end":{"line":16,"column":11}},"5":{"start":{"line":18,"column":8},"end":{"line":18,"column":67}},"6":{"start":{"line":19,"column":8},"end":{"line":19,"column":54}},"7":{"start":{"line":23,"column":13},"end":{"line":38,"column":1}},"8":{"start":{"line":24,"column":4},"end":{"line":37,"column":5}},"9":{"start":{"line":25,"column":22},"end":{"line":25,"column":81}},"10":{"start":{"line":27,"column":8},"end":{"line":27,"column":27}},"11":{"start":{"line":29,"column":8},"end":{"line":31,"column":9}},"12":{"start":{"line":30,"column":12},"end":{"line":30,"column":74}},"13":{"start":{"line":33,"column":8},"end":{"line":33,"column":43}},"14":{"start":{"line":35,"column":8},"end":{"line":35,"column":65}},"15":{"start":{"line":36,"column":8},"end":{"line":36,"column":64}},"16":{"start":{"line":40,"column":17},"end":{"line":57,"column":1}},"17":{"start":{"line":41,"column":4},"end":{"line":55,"column":5}},"18":{"start":{"line":42,"column":21},"end":{"line":42,"column":44}},"19":{"start":{"line":44,"column":8},"end":{"line":48,"column":9}},"20":{"start":{"line":45,"column":12},"end":{"line":47,"column":15}},"21":{"start":{"line":50,"column":8},"end":{"line":50,"column":24}},"22":{"start":{"line":51,"column":8},"end":{"line":51,"column":15}},"23":{"start":{"line":53,"column":8},"end":{"line":53,"column":69}},"24":{"start":{"line":54,"column":8},"end":{"line":54,"column":64}},"25":{"start":{"line":59,"column":16},"end":{"line":63,"column":1}},"26":{"start":{"line":60,"column":4},"end":{"line":60,"column":41}},"27":{"start":{"line":61,"column":4},"end":{"line":61,"column":30}},"28":{"start":{"line":62,"column":4},"end":{"line":62,"column":30}},"29":{"start":{"line":65,"column":15},"end":{"line":78,"column":1}},"30":{"start":{"line":66,"column":4},"end":{"line":77,"column":5}},"31":{"start":{"line":67,"column":19},"end":{"line":67,"column":27}},"32":{"start":{"line":68,"column":8},"end":{"line":68,"column":38}},"33":{"start":{"line":69,"column":8},"end":{"line":69,"column":34}},"34":{"start":{"line":70,"column":8},"end":{"line":70,"column":26}},"35":{"start":{"line":71,"column":8},"end":{"line":71,"column":41}},"36":{"start":{"line":72,"column":8},"end":{"line":72,"column":30}},"37":{"start":{"line":73,"column":8},"end":{"line":73,"column":23}},"38":{"start":{"line":75,"column":8},"end":{"line":75,"column":66}},"39":{"start":{"line":76,"column":8},"end":{"line":76,"column":60}},"40":{"start":{"line":80,"column":15},"end":{"line":101,"column":1}},"41":{"start":{"line":81,"column":4},"end":{"line":100,"column":5}},"42":{"start":{"line":82,"column":19},"end":{"line":82,"column":27}},"43":{"start":{"line":83,"column":8},"end":{"line":83,"column":26}},"44":{"start":{"line":86,"column":8},"end":{"line":88,"column":9}},"45":{"start":{"line":87,"column":12},"end":{"line":87,"column":69}},"46":{"start":{"line":90,"column":26},"end":{"line":90,"column":48}},"47":{"start":{"line":91,"column":8},"end":{"line":91,"column":48}},"48":{"start":{"line":92,"column":8},"end":{"line":92,"column":37}},"49":{"start":{"line":93,"column":8},"end":{"line":93,"column":30}},"50":{"start":{"line":95,"column":8},"end":{"line":95,"column":66}},"51":{"start":{"line":96,"column":8},"end":{"line":98,"column":11}}},"fnMap":{"0":{"name":"(anonymous_0)","decl":{"start":{"line":7,"column":15},"end":{"line":7,"column":16}},"loc":{"start":{"line":7,"column":35},"end":{"line":21,"column":1}},"line":7},"1":{"name":"(anonymous_1)","decl":{"start":{"line":23,"column":13},"end":{"line":23,"column":14}},"loc":{"start":{"line":23,"column":33},"end":{"line":38,"column":1}},"line":23},"2":{"name":"(anonymous_2)","decl":{"start":{"line":40,"column":17},"end":{"line":40,"column":18}},"loc":{"start":{"line":40,"column":47},"end":{"line":57,"column":1}},"line":40},"3":{"name":"(anonymous_3)","decl":{"start":{"line":59,"column":16},"end":{"line":59,"column":17}},"loc":{"start":{"line":59,"column":36},"end":{"line":63,"column":1}},"line":59},"4":{"name":"(anonymous_4)","decl":{"start":{"line":65,"column":15},"end":{"line":65,"column":16}},"loc":{"start":{"line":65,"column":35},"end":{"line":78,"column":1}},"line":65},"5":{"name":"(anonymous_5)","decl":{"start":{"line":80,"column":15},"end":{"line":80,"column":16}},"loc":{"start":{"line":80,"column":41},"end":{"line":101,"column":1}},"line":80}},"branchMap":{"0":{"loc":{"start":{"line":29,"column":8},"end":{"line":31,"column":9}},"type":"if","locations":[{"start":{"line":29,"column":8},"end":{"line":31,"column":9}},{"start":{},"end":{}}],"line":29},"1":{"loc":{"start":{"line":44,"column":8},"end":{"line":48,"column":9}},"type":"if","locations":[{"start":{"line":44,"column":8},"end":{"line":48,"column":9}},{"start":{},"end":{}}],"line":44},"2":{"loc":{"start":{"line":86,"column":8},"end":{"line":88,"column":9}},"type":"if","locations":[{"start":{"line":86,"column":8},"end":{"line":88,"column":9}},{"start":{},"end":{}}],"line":86}},"s":{"0":3,"1":3,"2":3,"3":3,"4":1,"5":2,"6":2,"7":3,"8":3,"9":3,"10":0,"11":0,"12":0,"13":0,"14":3,"15":3,"16":3,"17":0,"18":0,"19":0,"20":0,"21":0,"22":0,"23":0,"24":0,"25":3,"26":0,"27":0,"28":0,"29":3,"30":0,"31":0,"32":0,"33":0,"34":0,"35":0,"36":0,"37":0,"38":0,"39":0,"40":3,"41":0,"42":0,"43":0,"44":0,"45":0,"46":0,"47":0,"48":0,"49":0,"50":0,"51":0},"f":{"0":3,"1":3,"2":0,"3":0,"4":0,"5":0},"b":{"0":[0,0],"1":[0,0],"2":[0,0]},"_coverageSchema":"1a1c01bbd47fc00a2c39e90264f33305004495a9","hash":"e760339f237bbf5d0431805b41c230bf1f3f40bf"}
,"C:\\Users\\user\\Desktop\\Job-Interview\\To-Do-List-REST-API--Civic-Voices-\\db\\connectToMongoDB.js": {"path":"C:\\Users\\user\\Desktop\\Job-Interview\\To-Do-List-REST-API--Civic-Voices-\\db\\connectToMongoDB.js","statementMap":{"0":{"start":{"line":3,"column":25},"end":{"line":14,"column":1}},"1":{"start":{"line":4,"column":4},"end":{"line":13,"column":5}},"2":{"start":{"line":5,"column":21},"end":{"line":7,"column":9}},"3":{"start":{"line":8,"column":8},"end":{"line":8,"column":66}},"4":{"start":{"line":11,"column":8},"end":{"line":11,"column":68}},"5":{"start":{"line":12,"column":8},"end":{"line":12,"column":24}}},"fnMap":{"0":{"name":"(anonymous_0)","decl":{"start":{"line":3,"column":25},"end":{"line":3,"column":26}},"loc":{"start":{"line":3,"column":37},"end":{"line":14,"column":1}},"line":3}},"branchMap":{},"s":{"0":3,"1":1,"2":1,"3":1,"4":0,"5":0},"f":{"0":1},"b":{},"_coverageSchema":"1a1c01bbd47fc00a2c39e90264f33305004495a9","hash":"a437122eacc9ed32d61f1974cceaee75bf4e7ee4"}
,"C:\\Users\\user\\Desktop\\Job-Interview\\To-Do-List-REST-API--Civic-Voices-\\models\\task.model.js": {"path":"C:\\Users\\user\\Desktop\\Job-Interview\\To-Do-List-REST-API--Civic-Voices-\\models\\task.model.js","statementMap":{"0":{"start":{"line":3,"column":19},"end":{"line":26,"column":2}},"1":{"start":{"line":28,"column":13},"end":{"line":28,"column":47}}},"fnMap":{},"branchMap":{},"s":{"0":3,"1":3},"f":{},"b":{},"_coverageSchema":"1a1c01bbd47fc00a2c39e90264f33305004495a9","hash":"a06bd9875d8296b783422f0b1c40eb2d81bc7f0c"}
,"C:\\Users\\user\\Desktop\\Job-Interview\\To-Do-List-REST-API--Civic-Voices-\\models\\user.model.js": {"path":"C:\\Users\\user\\Desktop\\Job-Interview\\To-Do-List-REST-API--Civic-Voices-\\models\\user.model.js","statementMap":{"0":{"start":{"line":3,"column":19},"end":{"line":32,"column":2}},"1":{"start":{"line":34,"column":0},"end":{"line":43,"column":5}},"2":{"start":{"line":37,"column":4},"end":{"line":37,"column":30}},"3":{"start":{"line":38,"column":4},"end":{"line":38,"column":32}},"4":{"start":{"line":39,"column":4},"end":{"line":39,"column":58}},"5":{"start":{"line":42,"column":4},"end":{"line":42,"column":26}},"6":{"start":{"line":45,"column":0},"end":{"line":72,"column":2}},"7":{"start":{"line":51,"column":4},"end":{"line":51,"column":68}},"8":{"start":{"line":57,"column":4},"end":{"line":57,"column":29}},"9":{"start":{"line":57,"column":19},"end":{"line":57,"column":29}},"10":{"start":{"line":58,"column":4},"end":{"line":65,"column":5}},"11":{"start":{"line":59,"column":6},"end":{"line":62,"column":23}},"12":{"start":{"line":64,"column":6},"end":{"line":64,"column":16}},"13":{"start":{"line":70,"column":4},"end":{"line":70,"column":65}},"14":{"start":{"line":77,"column":0},"end":{"line":92,"column":9}},"15":{"start":{"line":78,"column":2},"end":{"line":84,"column":3}},"16":{"start":{"line":83,"column":4},"end":{"line":83,"column":75}},"17":{"start":{"line":85,"column":2},"end":{"line":91,"column":3}},"18":{"start":{"line":90,"column":4},"end":{"line":90,"column":56}},"19":{"start":{"line":94,"column":13},"end":{"line":94,"column":47}}},"fnMap":{"0":{"name":"(anonymous_0)","decl":{"start":{"line":36,"column":7},"end":{"line":36,"column":8}},"loc":{"start":{"line":36,"column":27},"end":{"line":40,"column":3}},"line":36},"1":{"name":"(anonymous_1)","decl":{"start":{"line":41,"column":7},"end":{"line":41,"column":8}},"loc":{"start":{"line":41,"column":19},"end":{"line":43,"column":3}},"line":41},"2":{"name":"(anonymous_2)","decl":{"start":{"line":46,"column":16},"end":{"line":46,"column":17}},"loc":{"start":{"line":46,"column":37},"end":{"line":52,"column":3}},"line":46},"3":{"name":"(anonymous_3)","decl":{"start":{"line":53,"column":19},"end":{"line":53,"column":20}},"loc":{"start":{"line":53,"column":39},"end":{"line":66,"column":3}},"line":53},"4":{"name":"(anonymous_4)","decl":{"start":{"line":67,"column":12},"end":{"line":67,"column":13}},"loc":{"start":{"line":67,"column":24},"end":{"line":71,"column":3}},"line":67},"5":{"name":"(anonymous_5)","decl":{"start":{"line":77,"column":44},"end":{"line":77,"column":45}},"loc":{"start":{"line":77,"column":57},"end":{"line":92,"column":1}},"line":77}},"branchMap":{"0":{"loc":{"start":{"line":57,"column":4},"end":{"line":57,"column":29}},"type":"if","locations":[{"start":{"line":57,"column":4},"end":{"line":57,"column":29}},{"start":{},"end":{}}],"line":57},"1":{"loc":{"start":{"line":78,"column":2},"end":{"line":84,"column":3}},"type":"if","locations":[{"start":{"line":78,"column":2},"end":{"line":84,"column":3}},{"start":{},"end":{}}],"line":78},"2":{"loc":{"start":{"line":78,"column":6},"end":{"line":78,"column":49}},"type":"binary-expr","locations":[{"start":{"line":78,"column":6},"end":{"line":78,"column":20}},{"start":{"line":78,"column":24},"end":{"line":78,"column":49}}],"line":78},"3":{"loc":{"start":{"line":85,"column":2},"end":{"line":91,"column":3}},"type":"if","locations":[{"start":{"line":85,"column":2},"end":{"line":91,"column":3}},{"start":{},"end":{}}],"line":85},"4":{"loc":{"start":{"line":85,"column":6},"end":{"line":85,"column":35}},"type":"binary-expr","locations":[{"start":{"line":85,"column":6},"end":{"line":85,"column":16}},{"start":{"line":85,"column":20},"end":{"line":85,"column":35}}],"line":85}},"s":{"0":3,"1":3,"2":3,"3":3,"4":3,"5":0,"6":3,"7":0,"8":3,"9":0,"10":3,"11":3,"12":3,"13":3,"14":3,"15":3,"16":2,"17":3,"18":0,"19":3},"f":{"0":3,"1":0,"2":0,"3":3,"4":3,"5":3},"b":{"0":[0,3],"1":[2,1],"2":[3,3],"3":[0,3],"4":[3,3]},"_coverageSchema":"1a1c01bbd47fc00a2c39e90264f33305004495a9","hash":"04744c8112ca322d5133da989613e6721e84a483"}
,"C:\\Users\\user\\Desktop\\Job-Interview\\To-Do-List-REST-API--Civic-Voices-\\routers\\auth.router.js": {"path":"C:\\Users\\user\\Desktop\\Job-Interview\\To-Do-List-REST-API--Civic-Voices-\\routers\\auth.router.js","statementMap":{"0":{"start":{"line":5,"column":15},"end":{"line":5,"column":31}},"1":{"start":{"line":7,"column":0},"end":{"line":8,"column":27}},"2":{"start":{"line":10,"column":0},"end":{"line":11,"column":27}}},"fnMap":{},"branchMap":{},"s":{"0":3,"1":3,"2":3},"f":{},"b":{},"_coverageSchema":"1a1c01bbd47fc00a2c39e90264f33305004495a9","hash":"eb9cad399a0420270242da0b39e23d6ee6a174cb"}
,"C:\\Users\\user\\Desktop\\Job-Interview\\To-Do-List-REST-API--Civic-Voices-\\routers\\task.router.js": {"path":"C:\\Users\\user\\Desktop\\Job-Interview\\To-Do-List-REST-API--Civic-Voices-\\routers\\task.router.js","statementMap":{"0":{"start":{"line":8,"column":15},"end":{"line":8,"column":31}},"1":{"start":{"line":10,"column":0},"end":{"line":14,"column":5}},"2":{"start":{"line":16,"column":0},"end":{"line":20,"column":5}},"3":{"start":{"line":22,"column":0},"end":{"line":34,"column":5}},"4":{"start":{"line":38,"column":0},"end":{"line":38,"column":50}}},"fnMap":{},"branchMap":{},"s":{"0":3,"1":3,"2":3,"3":3,"4":3},"f":{},"b":{},"_coverageSchema":"1a1c01bbd47fc00a2c39e90264f33305004495a9","hash":"69a5ca86d73e30060205c3a952110da06e52a220"}
,"C:\\Users\\user\\Desktop\\Job-Interview\\To-Do-List-REST-API--Civic-Voices-\\routers\\user.router.js": {"path":"C:\\Users\\user\\Desktop\\Job-Interview\\To-Do-List-REST-API--Civic-Voices-\\routers\\user.router.js","statementMap":{"0":{"start":{"line":7,"column":15},"end":{"line":7,"column":31}},"1":{"start":{"line":9,"column":0},"end":{"line":11,"column":24}},"2":{"start":{"line":13,"column":0},"end":{"line":27,"column":6}},"3":{"start":{"line":30,"column":0},"end":{"line":30,"column":42}}},"fnMap":{},"branchMap":{},"s":{"0":3,"1":3,"2":3,"3":3},"f":{},"b":{},"_coverageSchema":"1a1c01bbd47fc00a2c39e90264f33305004495a9","hash":"df6ea56d21f53e022edc116a0f1c41cf3706dd72"}
}
